<?xml version="1.0" encoding="UTF-8"?>
<!-- Generated by org.testng.reporters.JUnitReportReporter -->
<testsuite skipped="1" hostname="Asheesh" name="testng_demo.Test1" tests="4" failures="0" timestamp="12 Jan 2018 19:38:07 GMT" time="0.035" errors="0">
  <testcase name="test3" time="0.021" classname="testng_demo.Test1"/>
  <testcase name="test2" time="0.008" classname="testng_demo.Test1"/>
  <testcase name="test4" time="0.006" classname="testng_demo.Test1"/>
  <testcase name="verifyTest" classname="testng_demo.Test1">
    <skipped/>
  </testcase> <!-- verifyTest -->
</testsuite> <!-- testng_demo.Test1 -->
